2021-11-18 14:57:54,271 INFO o.a.j.u.JMeterUtils: Setting Locale to en_GB
2021-11-18 14:57:54,327 INFO o.a.j.JMeter: Loading user properties from: user.properties
2021-11-18 14:57:54,329 INFO o.a.j.JMeter: Loading system properties from: system.properties
2021-11-18 14:57:54,345 INFO o.a.j.JMeter: Copyright (c) 1998-2021 The Apache Software Foundation
2021-11-18 14:57:54,345 INFO o.a.j.JMeter: Version 5.4.1
2021-11-18 14:57:54,346 INFO o.a.j.JMeter: java.version=1.8.0_311
2021-11-18 14:57:54,346 INFO o.a.j.JMeter: java.vm.name=Java HotSpot(TM) 64-Bit Server VM
2021-11-18 14:57:54,346 INFO o.a.j.JMeter: os.name=Mac OS X
2021-11-18 14:57:54,346 INFO o.a.j.JMeter: os.arch=x86_64
2021-11-18 14:57:54,346 INFO o.a.j.JMeter: os.version=10.16
2021-11-18 14:57:54,347 INFO o.a.j.JMeter: file.encoding=UTF-8
2021-11-18 14:57:54,347 INFO o.a.j.JMeter: java.awt.headless=null
2021-11-18 14:57:54,347 INFO o.a.j.JMeter: Max memory     =1908932608
2021-11-18 14:57:54,347 INFO o.a.j.JMeter: Available Processors =4
2021-11-18 14:57:54,359 INFO o.a.j.JMeter: Default Locale=English (United Kingdom)
2021-11-18 14:57:54,359 INFO o.a.j.JMeter: JMeter  Locale=English (United Kingdom)
2021-11-18 14:57:54,359 INFO o.a.j.JMeter: JMeterHome=/Users/eshaansinghparihar/Desktop/Apisero/apache-jmeter-5.4.1
2021-11-18 14:57:54,359 INFO o.a.j.JMeter: user.dir  =/Users/eshaansinghparihar/Desktop/Apisero/apache-jmeter-5.4.1/bin
2021-11-18 14:57:54,360 INFO o.a.j.JMeter: PWD       =/Users/eshaansinghparihar/Desktop/Apisero/apache-jmeter-5.4.1/bin
2021-11-18 14:57:59,367 INFO o.a.j.JMeter: IP: 192.168.198.31 Name: esh.local FullName: 192.168.198.31
2021-11-18 14:58:00,116 INFO o.a.j.JMeter: Setting LAF to: com.github.weisj.darklaf.DarkLaf:com.github.weisj.darklaf.theme.DarculaTheme
2021-11-18 14:58:04,319 INFO o.a.j.JMeter: Loaded icon properties from org/apache/jmeter/images/icon.properties
