16-Nov-2021 14:04:32.455 INFO [main] org.apache.catalina.startup.VersionLoggerListener.log Server version name:   Apache Tomcat/8.5.72
16-Nov-2021 14:04:32.466 INFO [main] org.apache.catalina.startup.VersionLoggerListener.log Server built:          Oct 1 2021 15:15:33 UTC
16-Nov-2021 14:04:32.467 INFO [main] org.apache.catalina.startup.VersionLoggerListener.log Server version number: 8.5.72.0
16-Nov-2021 14:04:32.467 INFO [main] org.apache.catalina.startup.VersionLoggerListener.log OS Name:               Mac OS X
16-Nov-2021 14:04:32.467 INFO [main] org.apache.catalina.startup.VersionLoggerListener.log OS Version:            10.16
16-Nov-2021 14:04:32.467 INFO [main] org.apache.catalina.startup.VersionLoggerListener.log Architecture:          x86_64
16-Nov-2021 14:04:32.467 INFO [main] org.apache.catalina.startup.VersionLoggerListener.log Java Home:             /Library/Internet Plug-Ins/JavaAppletPlugin.plugin/Contents/Home
16-Nov-2021 14:04:32.468 INFO [main] org.apache.catalina.startup.VersionLoggerListener.log JVM Version:           1.8.0_311-b11
16-Nov-2021 14:04:32.468 INFO [main] org.apache.catalina.startup.VersionLoggerListener.log JVM Vendor:            Oracle Corporation
16-Nov-2021 14:04:32.468 INFO [main] org.apache.catalina.startup.VersionLoggerListener.log CATALINA_BASE:         /Users/eshaansinghparihar/Desktop/Apisero/apache-tomcat-8.5.72
16-Nov-2021 14:04:32.468 INFO [main] org.apache.catalina.startup.VersionLoggerListener.log CATALINA_HOME:         /Users/eshaansinghparihar/Desktop/Apisero/apache-tomcat-8.5.72
16-Nov-2021 14:04:32.469 INFO [main] org.apache.catalina.startup.VersionLoggerListener.log Command line argument: -Djava.util.logging.config.file=/Users/eshaansinghparihar/Desktop/Apisero/apache-tomcat-8.5.72/conf/logging.properties
16-Nov-2021 14:04:32.469 INFO [main] org.apache.catalina.startup.VersionLoggerListener.log Command line argument: -Djava.util.logging.manager=org.apache.juli.ClassLoaderLogManager
16-Nov-2021 14:04:32.469 INFO [main] org.apache.catalina.startup.VersionLoggerListener.log Command line argument: -Djdk.tls.ephemeralDHKeySize=2048
16-Nov-2021 14:04:32.469 INFO [main] org.apache.catalina.startup.VersionLoggerListener.log Command line argument: -Djava.protocol.handler.pkgs=org.apache.catalina.webresources
16-Nov-2021 14:04:32.469 INFO [main] org.apache.catalina.startup.VersionLoggerListener.log Command line argument: -Dorg.apache.catalina.security.SecurityListener.UMASK=0027
16-Nov-2021 14:04:32.469 INFO [main] org.apache.catalina.startup.VersionLoggerListener.log Command line argument: -Dignore.endorsed.dirs=
16-Nov-2021 14:04:32.469 INFO [main] org.apache.catalina.startup.VersionLoggerListener.log Command line argument: -Dcatalina.base=/Users/eshaansinghparihar/Desktop/Apisero/apache-tomcat-8.5.72
16-Nov-2021 14:04:32.469 INFO [main] org.apache.catalina.startup.VersionLoggerListener.log Command line argument: -Dcatalina.home=/Users/eshaansinghparihar/Desktop/Apisero/apache-tomcat-8.5.72
16-Nov-2021 14:04:32.470 INFO [main] org.apache.catalina.startup.VersionLoggerListener.log Command line argument: -Djava.io.tmpdir=/Users/eshaansinghparihar/Desktop/Apisero/apache-tomcat-8.5.72/temp
16-Nov-2021 14:04:32.470 INFO [main] org.apache.catalina.core.AprLifecycleListener.lifecycleEvent The Apache Tomcat Native library which allows using OpenSSL was not found on the java.library.path: [/Users/eshaansinghparihar/Library/Java/Extensions:/Library/Java/Extensions:/Network/Library/Java/Extensions:/System/Library/Java/Extensions:/usr/lib/java:.]
16-Nov-2021 14:04:33.166 INFO [main] org.apache.coyote.AbstractProtocol.init Initializing ProtocolHandler ["http-nio-8080"]
16-Nov-2021 14:04:33.267 INFO [main] org.apache.tomcat.util.net.NioSelectorPool.getSharedSelector Using a shared selector for servlet write/read
16-Nov-2021 14:04:33.326 INFO [main] org.apache.catalina.startup.Catalina.load Initialization processed in 3162 ms
16-Nov-2021 14:04:33.561 INFO [main] org.apache.catalina.core.StandardService.startInternal Starting service [Catalina]
16-Nov-2021 14:04:33.561 INFO [main] org.apache.catalina.core.StandardEngine.startInternal Starting Servlet engine: [Apache Tomcat/8.5.72]
16-Nov-2021 14:04:33.606 INFO [localhost-startStop-1] org.apache.catalina.startup.HostConfig.deployDirectory Deploying web application directory [/Users/eshaansinghparihar/Desktop/Apisero/apache-tomcat-8.5.72/webapps/assignment]
16-Nov-2021 14:04:34.283 INFO [localhost-startStop-1] org.apache.catalina.startup.HostConfig.deployDirectory Deployment of web application directory [/Users/eshaansinghparihar/Desktop/Apisero/apache-tomcat-8.5.72/webapps/assignment] has finished in [700] ms
16-Nov-2021 14:04:34.283 INFO [localhost-startStop-1] org.apache.catalina.startup.HostConfig.deployDirectory Deploying web application directory [/Users/eshaansinghparihar/Desktop/Apisero/apache-tomcat-8.5.72/webapps/docs]
16-Nov-2021 14:04:34.333 INFO [localhost-startStop-1] org.apache.catalina.startup.HostConfig.deployDirectory Deployment of web application directory [/Users/eshaansinghparihar/Desktop/Apisero/apache-tomcat-8.5.72/webapps/docs] has finished in [49] ms
16-Nov-2021 14:04:34.333 INFO [localhost-startStop-1] org.apache.catalina.startup.HostConfig.deployDirectory Deploying web application directory [/Users/eshaansinghparihar/Desktop/Apisero/apache-tomcat-8.5.72/webapps/manager]
16-Nov-2021 14:04:34.417 INFO [localhost-startStop-1] org.apache.catalina.startup.HostConfig.deployDirectory Deployment of web application directory [/Users/eshaansinghparihar/Desktop/Apisero/apache-tomcat-8.5.72/webapps/manager] has finished in [84] ms
16-Nov-2021 14:04:34.418 INFO [localhost-startStop-1] org.apache.catalina.startup.HostConfig.deployDirectory Deploying web application directory [/Users/eshaansinghparihar/Desktop/Apisero/apache-tomcat-8.5.72/webapps/examples]
16-Nov-2021 14:04:35.161 INFO [localhost-startStop-1] org.apache.catalina.startup.HostConfig.deployDirectory Deployment of web application directory [/Users/eshaansinghparihar/Desktop/Apisero/apache-tomcat-8.5.72/webapps/examples] has finished in [743] ms
16-Nov-2021 14:04:35.162 INFO [localhost-startStop-1] org.apache.catalina.startup.HostConfig.deployDirectory Deploying web application directory [/Users/eshaansinghparihar/Desktop/Apisero/apache-tomcat-8.5.72/webapps/ROOT]
16-Nov-2021 14:04:35.202 INFO [localhost-startStop-1] org.apache.catalina.startup.HostConfig.deployDirectory Deployment of web application directory [/Users/eshaansinghparihar/Desktop/Apisero/apache-tomcat-8.5.72/webapps/ROOT] has finished in [41] ms
16-Nov-2021 14:04:35.203 INFO [localhost-startStop-1] org.apache.catalina.startup.HostConfig.deployDirectory Deploying web application directory [/Users/eshaansinghparihar/Desktop/Apisero/apache-tomcat-8.5.72/webapps/host-manager]
16-Nov-2021 14:04:35.252 INFO [localhost-startStop-1] org.apache.catalina.startup.HostConfig.deployDirectory Deployment of web application directory [/Users/eshaansinghparihar/Desktop/Apisero/apache-tomcat-8.5.72/webapps/host-manager] has finished in [49] ms
16-Nov-2021 14:04:35.260 INFO [main] org.apache.coyote.AbstractProtocol.start Starting ProtocolHandler ["http-nio-8080"]
16-Nov-2021 14:04:35.276 INFO [main] org.apache.catalina.startup.Catalina.start Server startup in 1950 ms
16-Nov-2021 14:11:45.282 INFO [main] org.apache.catalina.core.StandardServer.await A valid shutdown command was received via the shutdown port. Stopping the Server instance.
16-Nov-2021 14:11:45.284 INFO [main] org.apache.coyote.AbstractProtocol.pause Pausing ProtocolHandler ["http-nio-8080"]
16-Nov-2021 14:11:45.300 INFO [main] org.apache.catalina.core.StandardService.stopInternal Stopping service [Catalina]
16-Nov-2021 14:11:45.450 INFO [main] org.apache.coyote.AbstractProtocol.stop Stopping ProtocolHandler ["http-nio-8080"]
16-Nov-2021 14:11:45.458 INFO [main] org.apache.coyote.AbstractProtocol.destroy Destroying ProtocolHandler ["http-nio-8080"]
